<?xml version="1.0" encoding="UTF-8"?>
<!-- Generated by org.testng.reporters.JUnitXMLReporter -->
<testsuite ignored="0" hostname="DESKTOP-6BH3IGI" failures="1" tests="1" name="Test" time="6.393" errors="0" timestamp="2025-05-04T10:49:35 IST">
  <testcase classname="pageTest.login_test" name="login_TC1" time="0.371">
    <failure type="java.lang.AssertionError" message="expected [Swag Labsss] but found [Swag Labs]">
      <![CDATA[java.lang.AssertionError: expected [Swag Labsss] but found [Swag Labs]
at pageTest.login_test.login_TC1(login_test.java:57)
at java.base/java.util.ArrayList.forEach(ArrayList.java:1596)
... Removed 31 stack frames]]>
    </failure>
  </testcase> <!-- login_TC1 -->
</testsuite> <!-- Test -->
